<?xml version="1.0" encoding="UTF-8"?>
<!-- Generated by org.testng.reporters.JUnitReportReporter -->
<testsuite hostname="Lenovo" failures="0" tests="1" name="synchronization.ImplicitWait" time="13.316" errors="0" timestamp="2024-09-08T12:19:24 EDT" skipped="0">
  <testcase classname="synchronization.ImplicitWait" name="loginTest" time="13.316"/>
  <system-out/>
</testsuite> <!-- synchronization.ImplicitWait -->
