<?xml version="1.0" encoding="UTF-8"?>
<!-- Generated by org.testng.reporters.JUnitReportReporter -->
<testsuite hostname="Lenovo" failures="0" tests="3" name="locators.DirectLocators" time="3.744" errors="0" timestamp="2024-09-01T01:29:49 EDT" skipped="0">
  <testcase classname="locators.DirectLocators" name="classAttributeTest" time="0.200"/>
  <system-out/>
  <testcase classname="locators.DirectLocators" name="loginTest" time="0.947"/>
  <system-out/>
  <testcase classname="locators.DirectLocators" name="partialLinkTest" time="2.597"/>
  <system-out/>
</testsuite> <!-- locators.DirectLocators -->
