<?xml version="1.0" encoding="UTF-8"?>
<!-- Generated by org.testng.reporters.JUnitReportReporter -->
<testsuite hostname="Lenovo" failures="0" tests="1" name="pomWithPageFactory.Pf_LoginTest" time="20.161" errors="0" timestamp="2024-09-08T11:27:19 EDT" skipped="0">
  <testcase classname="pomWithPageFactory.Pf_LoginTest" name="validLoginTest" time="20.161"/>
  <system-out/>
</testsuite> <!-- pomWithPageFactory.Pf_LoginTest -->
