<?xml version="1.0" encoding="UTF-8"?>
<!-- Generated by org.testng.reporters.JUnitReportReporter -->
<testsuite hostname="Lenovo" failures="0" tests="1" name="locators.ContainXpath" time="0.136" errors="0" timestamp="2024-09-01T00:57:22 EDT" skipped="0">
  <testcase classname="locators.ContainXpath" name="partialContainTextMethod" time="0.136"/>
  <system-out/>
</testsuite> <!-- locators.ContainXpath -->
