<?xml version="1.0" encoding="UTF-8"?>
<!-- Generated by org.testng.reporters.JUnitReportReporter -->
<testsuite hostname="Lenovo" failures="0" tests="1" name="locators2.ContainXpath" time="8.690" errors="0" timestamp="2024-09-01T12:36:15 EDT" skipped="0">
  <testcase classname="locators2.ContainXpath" name="containMethod" time="8.690"/>
  <system-out/>
</testsuite> <!-- locators2.ContainXpath -->
