<?xml version="1.0" encoding="UTF-8"?>
<!-- Generated by org.testng.reporters.JUnitReportReporter -->
<testsuite hostname="Lenovo" failures="0" tests="1" name="locators.DirectLocators" time="0.177" errors="0" timestamp="2024-08-25T09:20:34 EDT" skipped="0">
  <testcase classname="locators.DirectLocators" name="classAttributeTest" time="0.177"/>
  <system-out/>
</testsuite> <!-- locators.DirectLocators -->
