<?xml version="1.0" encoding="UTF-8"?>
<!-- Generated by org.testng.reporters.JUnitReportReporter -->
<testsuite hostname="Lenovo" failures="0" tests="1" name="locators.BasicXpath" time="3.255" errors="0" timestamp="2024-08-25T10:42:03 EDT" skipped="0">
  <testcase classname="locators.BasicXpath" name="linkXpath" time="3.255"/>
  <system-out/>
</testsuite> <!-- locators.BasicXpath -->
