<?xml version="1.0" encoding="UTF-8"?>
<!-- Generated by org.testng.reporters.JUnitReportReporter -->
<testsuite hostname="Lenovo" failures="0" tests="1" name="locators.XpathLoop" time="6.449" errors="0" timestamp="2024-08-25T11:22:43 EDT" skipped="0">
  <testcase classname="locators.XpathLoop" name="xPathIndexTest" time="6.449"/>
  <system-out/>
</testsuite> <!-- locators.XpathLoop -->
