<?xml version="1.0" encoding="UTF-8"?>
<!-- Generated by org.testng.reporters.JUnitReportReporter -->
<testsuite hostname="Lenovo" failures="0" tests="1" name="locators.BasicXpath" time="2.045" errors="0" timestamp="2024-09-01T00:34:54 EDT" skipped="0">
  <testcase classname="locators.BasicXpath" name="linkXpath" time="2.045"/>
  <system-out/>
</testsuite> <!-- locators.BasicXpath -->
