<?xml version="1.0" encoding="UTF-8"?>
<!-- Generated by org.testng.reporters.JUnitReportReporter -->
<testsuite hostname="Lenovo" failures="0" tests="1" name="locators2.BaseTestForBestBuy" time="25.596" errors="0" timestamp="2024-09-01T00:03:47 EDT" skipped="0">
  <testcase classname="locators2.BaseTestForBestBuy" name="openApplicationWithChrome" time="25.596"/>
  <system-out/>
</testsuite> <!-- locators2.BaseTestForBestBuy -->
