<?xml version="1.0" encoding="UTF-8"?>
<!-- Generated by org.testng.reporters.JUnitReportReporter -->
<testsuite hostname="Lenovo" failures="0" tests="1" name="dynamicCoding.DynamicLoginTest" time="21.029" errors="0" timestamp="2024-09-01T10:05:29 EDT" skipped="0">
  <testcase classname="dynamicCoding.DynamicLoginTest" name="validloginTest" time="21.029"/>
  <system-out/>
</testsuite> <!-- dynamicCoding.DynamicLoginTest -->
